<?xml version="1.0" encoding="UTF-8"?>
<testng-results ignored="0" total="1" passed="1" failed="0" skipped="0">
  <reporter-output>
  </reporter-output>
  <suite started-at="2025-08-26T10:33:23 IST" name="Default suite" finished-at="2025-08-26T10:33:27 IST" duration-ms="3937">
    <groups>
    </groups>
    <test started-at="2025-08-26T10:33:23 IST" name="Default test" finished-at="2025-08-26T10:33:27 IST" duration-ms="3937">
      <class name="testscript.LoginTest">
        <test-method is-config="true" signature="browserInitializer()[pri:0, instance:testscript.LoginTest@31304f14]" started-at="2025-08-26T10:33:23 IST" name="browserInitializer" finished-at="2025-08-26T10:33:26 IST" duration-ms="2599" status="PASS">
          <reporter-output>
          </reporter-output>
        </test-method> <!-- browserInitializer -->
        <test-method signature="verifyWhetherUserIsLoggedInWithInvalidCredentials()[pri:0, instance:testscript.LoginTest@31304f14]" started-at="2025-08-26T10:33:26 IST" name="verifyWhetherUserIsLoggedInWithInvalidCredentials" finished-at="2025-08-26T10:33:27 IST" duration-ms="1278" status="PASS">
          <reporter-output>
          </reporter-output>
        </test-method> <!-- verifyWhetherUserIsLoggedInWithInvalidCredentials -->
      </class> <!-- testscript.LoginTest -->
    </test> <!-- Default test -->
  </suite> <!-- Default suite -->
</testng-results>
