<?xml version="1.0" encoding="UTF-8"?>
<!-- Generated by org.testng.reporters.JUnitXMLReporter -->
<testsuite ignored="1" hostname="Nitro5" failures="0" tests="1" name="Default test" time="3.937" errors="0" timestamp="2025-08-26T10:33:27 IST">
  <testcase classname="testscript.LoginTest" name="verifyWhetherUserIsLoggedInWithInvalidCredentials" time="1.278"/>
  <testcase classname="testscript.LoginTest" name="verifyWhetherUserIsLoggedInWithValidCredentials" time="0.0">
    <ignored/>
  </testcase> <!-- verifyWhetherUserIsLoggedInWithValidCredentials -->
</testsuite> <!-- Default test -->
